<?xml version="1.0" encoding="UTF-8"?>
<!-- Generated by org.testng.reporters.JUnitXMLReporter -->
<testsuite ignored="0" hostname="LOGES-NAVIIN" failures="0" tests="1" name="Test-Runner-Firefox" time="53.757" errors="0" timestamp="2023-10-13T19:57:27 IST">
  <testcase classname="contactsTests.CreateContactTest" name="createContactTest" time="19.412"/>
</testsuite> <!-- Test-Runner-Firefox -->
