<?xml version="1.0" encoding="UTF-8"?>
<!-- Generated by org.testng.reporters.JUnitXMLReporter -->
<testsuite ignored="0" hostname="LOGES-NAVIIN" failures="0" tests="1" name="Test-Runner-1" time="62.397" errors="0" timestamp="2023-10-11T20:39:09 IST">
  <testcase classname="organizationTests.CreateOrganizationWithIndustryAndTypeTest" name="createOrgWithIndustryAndTypeTest" time="31.769"/>
</testsuite> <!-- Test-Runner-1 -->
