<?xml version="1.0" encoding="UTF-8"?>
<!-- Generated by org.testng.reporters.JUnitXMLReporter -->
<testsuite ignored="0" hostname="LOGES-NAVIIN" failures="0" tests="1" name="Test-Runner-2" time="69.05" errors="0" timestamp="2023-10-11T20:39:16 IST">
  <testcase classname="organizationTests.CreateOrganizationTest" name="createOrganizationTest" time="31.252"/>
</testsuite> <!-- Test-Runner-2 -->
