<?xml version="1.0" encoding="UTF-8"?>
<!-- Generated by org.testng.reporters.JUnitReportReporter -->
<testsuite hostname="LOGES-NAVIIN" failures="0" tests="3" name="Pratice.DataProviderPractice" time="0.024" errors="0" timestamp="2023-10-05T20:20:28 IST" skipped="0">
  <testcase classname="Pratice.DataProviderPractice" name="addProductToCart" time="0.014"/>
  <testcase classname="Pratice.DataProviderPractice" name="addProductToCart" time="0.006"/>
  <testcase classname="Pratice.DataProviderPractice" name="addProductToCart" time="0.004"/>
</testsuite> <!-- Pratice.DataProviderPractice -->
