<?xml version="1.0" encoding="UTF-8"?>
<!-- Generated by org.testng.reporters.JUnitReportReporter -->
<testsuite hostname="LOGES-NAVIIN" failures="0" tests="1" name="organizationTests.CreateOrganizationWithIndustryTest" time="20.569" errors="0" timestamp="2023-10-17T21:21:04 IST" skipped="0">
  <testcase classname="organizationTests.CreateOrganizationWithIndustryTest" name="createOrganizationWithIndustryTest" time="20.569"/>
  <system-out>
    <![CDATA[Clicked on contacts link
Clicked on create contact lookup image
Contact created succesfully
Header Captured]]>
  </system-out>
</testsuite> <!-- organizationTests.CreateOrganizationWithIndustryTest -->
